<?xml version="1.0" encoding="UTF-8"?>
<testng-results ignored="0" total="2" passed="2" failed="0" skipped="0">
  <reporter-output>
  </reporter-output>
  <suite started-at="2025-01-29T18:04:33 IST" name="Suite" finished-at="2025-01-29T18:04:43 IST" duration-ms="9941">
    <groups>
      <group name="Master">
        <method signature="TC001_AccountRegistrationTest.verify_account_registration()[pri:0, instance:testCases.TC001_AccountRegistrationTest@32f232a5]" name="verify_account_registration" class="testCases.TC001_AccountRegistrationTest"/>
        <method signature="TC002_AccountLoginTest.verify_login()[pri:0, instance:testCases.TC002_AccountLoginTest@517566b]" name="verify_login" class="testCases.TC002_AccountLoginTest"/>
      </group> <!-- Master -->
      <group name="Sanity">
        <method signature="TC002_AccountLoginTest.verify_login()[pri:0, instance:testCases.TC002_AccountLoginTest@517566b]" name="verify_login" class="testCases.TC002_AccountLoginTest"/>
      </group> <!-- Sanity -->
      <group name="Regression">
        <method signature="TC001_AccountRegistrationTest.verify_account_registration()[pri:0, instance:testCases.TC001_AccountRegistrationTest@32f232a5]" name="verify_account_registration" class="testCases.TC001_AccountRegistrationTest"/>
      </group> <!-- Regression -->
    </groups>
    <test started-at="2025-01-29T18:04:33 IST" name="Master-suite" finished-at="2025-01-29T18:04:43 IST" duration-ms="9941">
      <class name="testCases.TC001_AccountRegistrationTest">
        <test-method is-config="true" signature="setup(java.lang.String,java.lang.String)[pri:0, instance:testCases.TC001_AccountRegistrationTest@32f232a5]" started-at="2025-01-29T18:04:34 IST" name="setup" finished-at="2025-01-29T18:04:36 IST" duration-ms="2717" status="PASS">
          <params>
            <param index="0">
              <value>
                <![CDATA[Windows]]>
              </value>
            </param>
            <param index="1">
              <value>
                <![CDATA[chrome]]>
              </value>
            </param>
          </params>
          <reporter-output>
          </reporter-output>
        </test-method> <!-- setup -->
        <test-method signature="verify_account_registration()[pri:0, instance:testCases.TC001_AccountRegistrationTest@32f232a5]" started-at="2025-01-29T18:04:36 IST" name="verify_account_registration" finished-at="2025-01-29T18:04:39 IST" duration-ms="2849" status="PASS">
          <reporter-output>
          </reporter-output>
        </test-method> <!-- verify_account_registration -->
        <test-method is-config="true" signature="tearDown()[pri:0, instance:testCases.TC001_AccountRegistrationTest@32f232a5]" started-at="2025-01-29T18:04:39 IST" name="tearDown" finished-at="2025-01-29T18:04:39 IST" duration-ms="1" status="PASS">
          <reporter-output>
          </reporter-output>
        </test-method> <!-- tearDown -->
      </class> <!-- testCases.TC001_AccountRegistrationTest -->
      <class name="testCases.TC002_AccountLoginTest">
        <test-method is-config="true" signature="setup(java.lang.String,java.lang.String)[pri:0, instance:testCases.TC002_AccountLoginTest@517566b]" started-at="2025-01-29T18:04:39 IST" name="setup" finished-at="2025-01-29T18:04:41 IST" duration-ms="2082" status="PASS">
          <params>
            <param index="0">
              <value>
                <![CDATA[Windows]]>
              </value>
            </param>
            <param index="1">
              <value>
                <![CDATA[chrome]]>
              </value>
            </param>
          </params>
          <reporter-output>
          </reporter-output>
        </test-method> <!-- setup -->
        <test-method signature="verify_login()[pri:0, instance:testCases.TC002_AccountLoginTest@517566b]" started-at="2025-01-29T18:04:41 IST" name="verify_login" finished-at="2025-01-29T18:04:43 IST" duration-ms="1999" status="PASS">
          <reporter-output>
          </reporter-output>
        </test-method> <!-- verify_login -->
        <test-method is-config="true" signature="tearDown()[pri:0, instance:testCases.TC002_AccountLoginTest@517566b]" started-at="2025-01-29T18:04:43 IST" name="tearDown" finished-at="2025-01-29T18:04:43 IST" duration-ms="1" status="PASS">
          <reporter-output>
          </reporter-output>
        </test-method> <!-- tearDown -->
      </class> <!-- testCases.TC002_AccountLoginTest -->
    </test> <!-- Master-suite -->
  </suite> <!-- Suite -->
</testng-results>
